{"C:\\Users\\prince.juguilon\\Documents\\Work\\codes\\github\\forks\\gathertown.js\\src\\config.ts": {"path":"C:\\Users\\prince.juguilon\\Documents\\Work\\codes\\github\\forks\\gathertown.js\\src\\config.ts","statementMap":{"0":{"start":{"line":1,"column":15},"end":{"line":3,"column":2}},"1":{"start":{"line":5,"column":0},"end":{"line":5,"column":22}}},"fnMap":{},"branchMap":{},"s":{"0":3,"1":3},"f":{},"b":{}}
,"C:\\Users\\prince.juguilon\\Documents\\Work\\codes\\github\\forks\\gathertown.js\\src\\api\\apiBase.ts": {"path":"C:\\Users\\prince.juguilon\\Documents\\Work\\codes\\github\\forks\\gathertown.js\\src\\api\\apiBase.ts","statementMap":{"0":{"start":{"line":1,"column":0},"end":{"line":1,"column":26}},"1":{"start":{"line":2,"column":0},"end":{"line":2,"column":31}},"2":{"start":{"line":4,"column":13},"end":{"line":4,"column":38}},"3":{"start":{"line":6,"column":22},"end":{"line":14,"column":2}},"4":{"start":{"line":16,"column":0},"end":{"line":16,"column":29}}},"fnMap":{},"branchMap":{},"s":{"0":3,"1":3,"2":3,"3":3,"4":3},"f":{},"b":{}}
,"C:\\Users\\prince.juguilon\\Documents\\Work\\codes\\github\\forks\\gathertown.js\\src\\api\\createSpace\\index.ts": {"path":"C:\\Users\\prince.juguilon\\Documents\\Work\\codes\\github\\forks\\gathertown.js\\src\\api\\createSpace\\index.ts","statementMap":{"0":{"start":{"line":2,"column":0},"end":{"line":2,"column":27}},"1":{"start":{"line":3,"column":0},"end":{"line":3,"column":29}},"2":{"start":{"line":4,"column":0},"end":{"line":4,"column":47}},"3":{"start":{"line":14,"column":26},"end":{"line":20,"column":2}},"4":{"start":{"line":22,"column":33},"end":{"line":52,"column":1}},"5":{"start":{"line":23,"column":2},"end":{"line":51,"column":null}},"6":{"start":{"line":24,"column":55},"end":{"line":24,"column":94}},"7":{"start":{"line":25,"column":35},"end":{"line":28,"column":6}},"8":{"start":{"line":31,"column":4},"end":{"line":38,"column":null}},"9":{"start":{"line":32,"column":31},"end":{"line":32,"column":64}},"10":{"start":{"line":33,"column":6},"end":{"line":33,"column":42}},"11":{"start":{"line":34,"column":11},"end":{"line":38,"column":null}},"12":{"start":{"line":35,"column":6},"end":{"line":35,"column":72}},"13":{"start":{"line":37,"column":6},"end":{"line":37,"column":32}},"14":{"start":{"line":41,"column":4},"end":{"line":43,"column":null}},"15":{"start":{"line":42,"column":6},"end":{"line":42,"column":27}},"16":{"start":{"line":45,"column":4},"end":{"line":47,"column":7}},"17":{"start":{"line":49,"column":23},"end":{"line":49,"column":26}},"18":{"start":{"line":50,"column":4},"end":{"line":50,"column":35}},"19":{"start":{"line":22,"column":13},"end":{"line":22,"column":33}}},"fnMap":{"0":{"name":"(anonymous_7)","decl":{"start":{"line":22,"column":33},"end":{"line":22,"column":38}},"loc":{"start":{"line":22,"column":67},"end":{"line":52,"column":1}}}},"branchMap":{"0":{"loc":{"start":{"line":31,"column":4},"end":{"line":38,"column":null}},"type":"if","locations":[{"start":{"line":31,"column":4},"end":{"line":38,"column":null}},{"start":{"line":34,"column":11},"end":{"line":38,"column":null}}]},"1":{"loc":{"start":{"line":34,"column":11},"end":{"line":38,"column":null}},"type":"if","locations":[{"start":{"line":34,"column":11},"end":{"line":38,"column":null}},{"start":{"line":36,"column":11},"end":{"line":38,"column":null}}]},"2":{"loc":{"start":{"line":41,"column":4},"end":{"line":43,"column":null}},"type":"if","locations":[{"start":{"line":41,"column":4},"end":{"line":43,"column":null}}]}},"s":{"0":1,"1":1,"2":1,"3":1,"4":1,"5":1,"6":1,"7":0,"8":0,"9":0,"10":0,"11":0,"12":0,"13":0,"14":0,"15":0,"16":0,"17":1,"18":1,"19":1},"f":{"0":1},"b":{"0":[0,0],"1":[0,0],"2":[0]}}
,"C:\\Users\\prince.juguilon\\Documents\\Work\\codes\\github\\forks\\gathertown.js\\src\\api\\getEmailGuestList\\index.ts": {"path":"C:\\Users\\prince.juguilon\\Documents\\Work\\codes\\github\\forks\\gathertown.js\\src\\api\\getEmailGuestList\\index.ts","statementMap":{"0":{"start":{"line":2,"column":0},"end":{"line":2,"column":27}},"1":{"start":{"line":3,"column":0},"end":{"line":3,"column":29}},"2":{"start":{"line":4,"column":0},"end":{"line":4,"column":47}},"3":{"start":{"line":11,"column":32},"end":{"line":14,"column":2}},"4":{"start":{"line":16,"column":39},"end":{"line":30,"column":1}},"5":{"start":{"line":17,"column":2},"end":{"line":29,"column":null}},"6":{"start":{"line":18,"column":32},"end":{"line":18,"column":77}},"7":{"start":{"line":19,"column":29},"end":{"line":19,"column":58}},"8":{"start":{"line":20,"column":21},"end":{"line":20,"column":51}},"9":{"start":{"line":21,"column":20},"end":{"line":21,"column":39}},"10":{"start":{"line":23,"column":4},"end":{"line":25,"column":7}},"11":{"start":{"line":27,"column":23},"end":{"line":27,"column":26}},"12":{"start":{"line":28,"column":4},"end":{"line":28,"column":35}},"13":{"start":{"line":16,"column":13},"end":{"line":16,"column":39}}},"fnMap":{"0":{"name":"(anonymous_7)","decl":{"start":{"line":16,"column":39},"end":{"line":16,"column":44}},"loc":{"start":{"line":16,"column":79},"end":{"line":30,"column":1}}}},"branchMap":{},"s":{"0":1,"1":1,"2":1,"3":1,"4":1,"5":2,"6":2,"7":0,"8":0,"9":0,"10":0,"11":2,"12":2,"13":1},"f":{"0":2},"b":{}}
,"C:\\Users\\prince.juguilon\\Documents\\Work\\codes\\github\\forks\\gathertown.js\\src\\api\\getMap\\index.ts": {"path":"C:\\Users\\prince.juguilon\\Documents\\Work\\codes\\github\\forks\\gathertown.js\\src\\api\\getMap\\index.ts","statementMap":{"0":{"start":{"line":1,"column":0},"end":{"line":1,"column":29}},"1":{"start":{"line":2,"column":0},"end":{"line":2,"column":27}},"2":{"start":{"line":3,"column":0},"end":{"line":3,"column":47}},"3":{"start":{"line":11,"column":21},"end":{"line":15,"column":2}},"4":{"start":{"line":17,"column":28},"end":{"line":32,"column":1}},"5":{"start":{"line":18,"column":2},"end":{"line":31,"column":null}},"6":{"start":{"line":19,"column":39},"end":{"line":19,"column":73}},"7":{"start":{"line":20,"column":29},"end":{"line":20,"column":58}},"8":{"start":{"line":21,"column":21},"end":{"line":21,"column":51}},"9":{"start":{"line":22,"column":19},"end":{"line":22,"column":36}},"10":{"start":{"line":23,"column":20},"end":{"line":23,"column":39}},"11":{"start":{"line":25,"column":4},"end":{"line":27,"column":7}},"12":{"start":{"line":29,"column":23},"end":{"line":29,"column":26}},"13":{"start":{"line":30,"column":4},"end":{"line":30,"column":35}},"14":{"start":{"line":17,"column":13},"end":{"line":17,"column":28}}},"fnMap":{"0":{"name":"(anonymous_7)","decl":{"start":{"line":17,"column":28},"end":{"line":17,"column":33}},"loc":{"start":{"line":17,"column":57},"end":{"line":32,"column":1}}}},"branchMap":{},"s":{"0":1,"1":1,"2":1,"3":1,"4":1,"5":3,"6":3,"7":0,"8":0,"9":0,"10":0,"11":0,"12":3,"13":3,"14":1},"f":{"0":3},"b":{}}
,"C:\\Users\\prince.juguilon\\Documents\\Work\\codes\\github\\forks\\gathertown.js\\src\\api\\validateStatus\\index.ts": {"path":"C:\\Users\\prince.juguilon\\Documents\\Work\\codes\\github\\forks\\gathertown.js\\src\\api\\validateStatus\\index.ts","statementMap":{"0":{"start":{"line":2,"column":2},"end":{"line":2,"column":39}},"1":{"start":{"line":1,"column":0},"end":{"line":1,"column":25}}},"fnMap":{"0":{"name":"default_1","decl":{"start":{"line":1,"column":0},"end":{"line":1,"column":25}},"loc":{"start":{"line":1,"column":39},"end":{"line":3,"column":1}}}},"branchMap":{"0":{"loc":{"start":{"line":2,"column":9},"end":{"line":2,"column":38}},"type":"binary-expr","locations":[{"start":{"line":2,"column":9},"end":{"line":2,"column":22}},{"start":{"line":2,"column":26},"end":{"line":2,"column":38}}]}},"s":{"0":4,"1":4},"f":{"0":4},"b":{"0":[4,4]}}
}
