TN:
SF:src\config.ts
FNF:0
FNH:0
DA:1,3
DA:5,3
LF:2
LH:2
BRF:0
BRH:0
end_of_record
TN:
SF:src\api\apiBase.ts
FNF:0
FNH:0
DA:1,3
DA:2,3
DA:4,3
DA:6,3
DA:16,3
LF:5
LH:5
BRF:0
BRH:0
end_of_record
TN:
SF:src\api\createSpace\index.ts
FN:22,(anonymous_7)
FNF:1
FNH:1
FNDA:1,(anonymous_7)
DA:2,1
DA:3,1
DA:4,1
DA:14,1
DA:22,1
DA:23,1
DA:24,1
DA:27,0
DA:33,0
DA:34,0
DA:35,0
DA:36,0
DA:37,0
DA:39,0
DA:43,0
DA:44,0
DA:47,0
DA:51,1
DA:52,1
LF:19
LH:9
BRDA:33,0,0,0
BRDA:33,0,1,0
BRDA:36,1,0,0
BRDA:36,1,1,0
BRDA:43,2,0,0
BRF:5
BRH:0
end_of_record
TN:
SF:src\api\getEmailGuestList\index.ts
FN:16,(anonymous_7)
FNF:1
FNH:1
FNDA:2,(anonymous_7)
DA:2,1
DA:3,1
DA:4,1
DA:11,1
DA:16,1
DA:17,2
DA:18,2
DA:20,0
DA:21,0
DA:22,0
DA:24,0
DA:28,2
DA:29,2
LF:13
LH:9
BRF:0
BRH:0
end_of_record
TN:
SF:src\api\getMap\index.ts
FN:10,(anonymous_1)
FNF:1
FNH:1
FNDA:1,(anonymous_1)
DA:1,1
DA:2,1
DA:10,1
DA:12,1
DA:13,1
DA:14,1
DA:15,1
DA:17,1
LF:8
LH:8
BRF:0
BRH:0
end_of_record
TN:
SF:src\api\validateStatus\index.ts
FN:1,default_1
FNF:1
FNH:1
FNDA:5,default_1
DA:1,4
DA:2,5
LF:2
LH:2
BRDA:2,0,0,5
BRDA:2,0,1,5
BRF:2
BRH:2
end_of_record
